#
# There is insufficient memory for the Java Runtime Environment to continue.
# Native memory allocation (mmap) failed to map 264241152 bytes for G1 virtual space
# Possible reasons:
#   The system is out of physical RAM or swap space
#   The process is running with CompressedOops enabled, and the Java Heap may be blocking the growth of the native heap
# Possible solutions:
#   Reduce memory load on the system
#   Increase physical memory or swap space
#   Check if swap backing store is full
#   Decrease Java heap size (-Xmx/-Xms)
#   Decrease number of Java threads
#   Decrease Java thread stack sizes (-Xss)
#   Set larger code cache with -XX:ReservedCodeCacheSize=
#   JVM is running with Zero Based Compressed Oops mode in which the Java heap is
#     placed in the first 32GB address space. The Java Heap base address is the
#     maximum limit for the native heap growth. Please use -XX:HeapBaseMinAddress
#     to set the Java Heap base and to place the Java Heap above 32GB virtual address.
# This output file may be truncated or incomplete.
#
#  Out of Memory Error (os_windows.cpp:3532), pid=21204, tid=13140
#
# JRE version:  (17.0.2+8) (build )
# Java VM: OpenJDK 64-Bit Server VM (17.0.2+8-86, mixed mode, emulated-client, sharing, tiered, compressed oops, compressed class ptrs, g1 gc, windows-amd64)
# No core dump will be written. Minidumps are not enabled by default on client versions of Windows
#

---------------  S U M M A R Y ------------

Command Line: -XX:TieredStopAtLevel=1 -Xverify:none -Dspring.output.ansi.enabled=always -Dcom.sun.management.jmxremote -Dspring.jmx.enabled=true -Dspring.liveBeansView.mbeanDomain -Dspring.application.admin.enabled=true -javaagent:C:\Users\dell\AppData\Local\JetBrains\IntelliJ IDEA 2021.3.1\lib\idea_rt.jar=58996:C:\Users\dell\AppData\Local\JetBrains\IntelliJ IDEA 2021.3.1\bin -Dfile.encoding=UTF-8 com.example.crecheapplication.CrecheApplication

Host: 11th Gen Intel(R) Core(TM) i5-1135G7 @ 2.40GHz, 8 cores, 15G,  Windows 11 , 64 bit Build 22621 (10.0.22621.5415)
Time: Wed Jan 14 18:30:54 2026 Paris, Madrid elapsed time: 0.019373 seconds (0d 0h 0m 0s)

---------------  T H R E A D  ---------------

Current thread (0x0000027405e61b20):  JavaThread "Unknown thread" [_thread_in_vm, id=13140, stack(0x0000009384f00000,0x0000009385000000)]

Stack: [0x0000009384f00000,0x0000009385000000]
Native frames: (J=compiled Java code, j=interpreted, Vv=VM code, C=native code)
V  [jvm.dll+0x670baa]
V  [jvm.dll+0x7cfcb4]
V  [jvm.dll+0x7d145e]
V  [jvm.dll+0x7d1ac3]
V  [jvm.dll+0x242bc5]
V  [jvm.dll+0x66dac9]
V  [jvm.dll+0x662412]
V  [jvm.dll+0x300c0b]
V  [jvm.dll+0x3081a6]
V  [jvm.dll+0x357d0e]
V  [jvm.dll+0x357f3f]
V  [jvm.dll+0x2d7ec8]
V  [jvm.dll+0x2d8e34]
V  [jvm.dll+0x7a18c1]
V  [jvm.dll+0x365a91]
V  [jvm.dll+0x780d2c]
V  [jvm.dll+0x3e845f]
V  [jvm.dll+0x3e9f01]
C  [jli.dll+0x527b]
C  [ucrtbase.dll+0x29333]
C  [KERNEL32.DLL+0x1259d]
C  [ntdll.dll+0x5af78]


---------------  P R O C E S S  ---------------

Threads class SMR info:
_java_thread_list=0x00007ffa08b79858, length=0, elements={
}

Java Threads: ( => current thread )

Other Threads:
  0x0000027405eb1730 GCTaskThread "GC Thread#0" [stack: 0x0000009385000000,0x0000009385100000] [id=19264]
  0x0000027405ec2230 ConcurrentGCThread "G1 Main Marker" [stack: 0x0000009385100000,0x0000009385200000] [id=4704]
  0x0000027405ec2c40 ConcurrentGCThread "G1 Conc#0" [stack: 0x0000009385200000,0x0000009385300000] [id=19028]

[error occurred during error reporting (printing all threads), id 0xc0000005, EXCEPTION_ACCESS_VIOLATION (0xc0000005) at pc=0x00007ffa083c88a7]

VM state: not at safepoint (not fully initialized)

VM Mutex/Monitor currently owned by a thread:  ([mutex/lock_event])
[0x0000027405e5e930] Heap_lock - owner thread: 0x0000027405e61b20

Heap address: 0x0000000704400000, size: 4028 MB, Compressed Oops mode: Zero based, Oop shift amount: 3

CDS archive(s) mapped at: [0x0000000000000000-0x0000000000000000-0x0000000000000000), size 0, SharedBaseAddress: 0x0000000800000000, ArchiveRelocationMode: 0.
Narrow klass base: 0x0000000000000000, Narrow klass shift: 0, Narrow klass range: 0x0

GC Precious Log:
<Empty>

Heap:
 garbage-first heap   total 0K, used 0K [0x0000000704400000, 0x0000000800000000)
  region size 2048K, 0 young (0K), 0 survivors (0K)

[error occurred during error reporting (printing heap information), id 0xc0000005, EXCEPTION_ACCESS_VIOLATION (0xc0000005) at pc=0x00007ffa087a9f19]

GC Heap History (0 events):
No events

Deoptimization events (0 events):
No events

Classes unloaded (0 events):
No events

Classes redefined (0 events):
No events

Internal exceptions (0 events):
No events

VM Operations (0 events):
No events

Events (1 events):
Event: 0.014 Loaded shared library C:\Users\dell\.jdks\openjdk-17.0.2\bin\java.dll


Dynamic libraries:
0x00007ff673f50000 - 0x00007ff673f5e000 	C:\Users\dell\.jdks\openjdk-17.0.2\bin\java.exe
0x00007ffad5cf0000 - 0x00007ffad5f08000 	C:\WINDOWS\SYSTEM32\ntdll.dll
0x00007ffad4180000 - 0x00007ffad4244000 	C:\WINDOWS\System32\KERNEL32.DLL
0x00007ffad32a0000 - 0x00007ffad3673000 	C:\WINDOWS\System32\KERNELBASE.dll
0x00007ffad3180000 - 0x00007ffad3291000 	C:\WINDOWS\System32\ucrtbase.dll
0x00007ffacf290000 - 0x00007ffacf2a8000 	C:\Users\dell\.jdks\openjdk-17.0.2\bin\jli.dll
0x00007ffad4e10000 - 0x00007ffad4fc2000 	C:\WINDOWS\System32\USER32.dll
0x00007ffad30b0000 - 0x00007ffad30d6000 	C:\WINDOWS\System32\win32u.dll
0x00007ffac6ac0000 - 0x00007ffac6ada000 	C:\Users\dell\.jdks\openjdk-17.0.2\bin\VCRUNTIME140.dll
0x00007ffad40d0000 - 0x00007ffad40f9000 	C:\WINDOWS\System32\GDI32.dll
0x00007ffad37c0000 - 0x00007ffad38db000 	C:\WINDOWS\System32\gdi32full.dll
0x00007ffad30e0000 - 0x00007ffad317a000 	C:\WINDOWS\System32\msvcp_win.dll
0x00007ffabbca0000 - 0x00007ffabbf3c000 	C:\WINDOWS\WinSxS\amd64_microsoft.windows.common-controls_6595b64144ccf1df_6.0.22621.6060_none_2712eda17382d24b\COMCTL32.dll
0x00007ffad4020000 - 0x00007ffad40c7000 	C:\WINDOWS\System32\msvcrt.dll
0x00007ffad5c70000 - 0x00007ffad5ca1000 	C:\WINDOWS\System32\IMM32.DLL
0x00007ffac6b00000 - 0x00007ffac6b0c000 	C:\Users\dell\.jdks\openjdk-17.0.2\bin\vcruntime140_1.dll
0x00007ffab9ff0000 - 0x00007ffaba07d000 	C:\Users\dell\.jdks\openjdk-17.0.2\bin\msvcp140.dll
0x00007ffa080e0000 - 0x00007ffa08ca1000 	C:\Users\dell\.jdks\openjdk-17.0.2\bin\server\jvm.dll
0x00007ffad4b80000 - 0x00007ffad4c31000 	C:\WINDOWS\System32\ADVAPI32.dll
0x00007ffad3ad0000 - 0x00007ffad3b78000 	C:\WINDOWS\System32\sechost.dll
0x00007ffad3960000 - 0x00007ffad3988000 	C:\WINDOWS\System32\bcrypt.dll
0x00007ffad4cf0000 - 0x00007ffad4e08000 	C:\WINDOWS\System32\RPCRT4.dll
0x00007ffad5560000 - 0x00007ffad5568000 	C:\WINDOWS\System32\PSAPI.DLL
0x00007ffab7110000 - 0x00007ffab7119000 	C:\WINDOWS\SYSTEM32\WSOCK32.dll
0x00007ffac8b10000 - 0x00007ffac8b44000 	C:\WINDOWS\SYSTEM32\WINMM.dll
0x00007ffad4100000 - 0x00007ffad4171000 	C:\WINDOWS\System32\WS2_32.dll
0x00007ffac40e0000 - 0x00007ffac40ea000 	C:\WINDOWS\SYSTEM32\VERSION.dll
0x00007ffad1e90000 - 0x00007ffad1ea8000 	C:\WINDOWS\SYSTEM32\kernel.appcore.dll
0x00007ffac6990000 - 0x00007ffac699a000 	C:\Users\dell\.jdks\openjdk-17.0.2\bin\jimage.dll
0x00007ffad06f0000 - 0x00007ffad0923000 	C:\WINDOWS\SYSTEM32\DBGHELP.DLL
0x00007ffad5720000 - 0x00007ffad5ab1000 	C:\WINDOWS\System32\combase.dll
0x00007ffad39f0000 - 0x00007ffad3ac8000 	C:\WINDOWS\System32\OLEAUT32.dll
0x00007ffabed40000 - 0x00007ffabed72000 	C:\WINDOWS\SYSTEM32\dbgcore.DLL
0x00007ffad38e0000 - 0x00007ffad395b000 	C:\WINDOWS\System32\bcryptPrimitives.dll
0x00007ffab9ab0000 - 0x00007ffab9abe000 	C:\Users\dell\.jdks\openjdk-17.0.2\bin\instrument.dll
0x00007ffabea30000 - 0x00007ffabea55000 	C:\Users\dell\.jdks\openjdk-17.0.2\bin\java.dll

dbghelp: loaded successfully - version: 4.0.5 - missing functions: none
symbol engine: initialized successfully - sym options: 0x614 - pdb path: .;C:\Users\dell\.jdks\openjdk-17.0.2\bin;C:\WINDOWS\SYSTEM32;C:\WINDOWS\WinSxS\amd64_microsoft.windows.common-controls_6595b64144ccf1df_6.0.22621.6060_none_2712eda17382d24b;C:\Users\dell\.jdks\openjdk-17.0.2\bin\server

VM Arguments:
jvm_args: -XX:TieredStopAtLevel=1 -Xverify:none -Dspring.output.ansi.enabled=always -Dcom.sun.management.jmxremote -Dspring.jmx.enabled=true -Dspring.liveBeansView.mbeanDomain -Dspring.application.admin.enabled=true -javaagent:C:\Users\dell\AppData\Local\JetBrains\IntelliJ IDEA 2021.3.1\lib\idea_rt.jar=58996:C:\Users\dell\AppData\Local\JetBrains\IntelliJ IDEA 2021.3.1\bin -Dfile.encoding=UTF-8 
java_command: com.example.crecheapplication.CrecheApplication
java_class_path (initial): C:\creche-application\target\classes;C:\Users\dell\.m2\repository\org\springframework\boot\spring-boot-starter-data-jpa\4.0.1\spring-boot-starter-data-jpa-4.0.1.jar;C:\Users\dell\.m2\repository\org\springframework\boot\spring-boot-starter\4.0.1\spring-boot-starter-4.0.1.jar;C:\Users\dell\.m2\repository\org\springframework\boot\spring-boot-starter-logging\4.0.1\spring-boot-starter-logging-4.0.1.jar;C:\Users\dell\.m2\repository\ch\qos\logback\logback-classic\1.5.22\logback-classic-1.5.22.jar;C:\Users\dell\.m2\repository\ch\qos\logback\logback-core\1.5.22\logback-core-1.5.22.jar;C:\Users\dell\.m2\repository\org\apache\logging\log4j\log4j-to-slf4j\2.25.3\log4j-to-slf4j-2.25.3.jar;C:\Users\dell\.m2\repository\org\apache\logging\log4j\log4j-api\2.25.3\log4j-api-2.25.3.jar;C:\Users\dell\.m2\repository\org\slf4j\jul-to-slf4j\2.0.17\jul-to-slf4j-2.0.17.jar;C:\Users\dell\.m2\repository\jakarta\annotation\jakarta.annotation-api\3.0.0\jakarta.annotation-api-3.0.0.jar;C:\Users\dell\.m2\repository\org\yaml\snakeyaml\2.5\snakeyaml-2.5.jar;C:\Users\dell\.m2\repository\org\springframework\boot\spring-boot-starter-jdbc\4.0.1\spring-boot-starter-jdbc-4.0.1.jar;C:\Users\dell\.m2\repository\com\zaxxer\HikariCP\7.0.2\HikariCP-7.0.2.jar;C:\Users\dell\.m2\repository\org\slf4j\slf4j-api\2.0.17\slf4j-api-2.0.17.jar;C:\Users\dell\.m2\repository\org\springframework\boot\spring-boot-data-jpa\4.0.1\spring-boot-data-jpa-4.0.1.jar;C:\Users\dell\.m2\repository\org\springframework\boot\spring-boot-data-commons\4.0.1\spring-boot-data-commons-4.0.1.jar;C:\Users\dell\.m2\repository\org\springframework\boot\spring-boot-persistence\4.0.1\spring-boot-persistence-4.0.1.jar;C:\Users\dell\.m2\repository\org\springframework\data\spring-data-commons\4.0.1\spring-data-commons-4.0.1.jar;C:\Users\dell\.m2\repository\org\springframework\boot\spring-boot-hibernate\4.0.1\spring-boot-hibernate-4.0.1.jar;C:\Users\dell\.m2\repository\org\springframework\boot\spring-boot-jpa\4.0.1\spring-boo
Launcher Type: SUN_STANDARD

[Global flags]
     intx CICompilerCount                          = 4                                         {product} {ergonomic}
     uint ConcGCThreads                            = 2                                         {product} {ergonomic}
     uint G1ConcRefinementThreads                  = 8                                         {product} {ergonomic}
   size_t G1HeapRegionSize                         = 2097152                                   {product} {ergonomic}
    uintx GCDrainStackTargetSize                   = 64                                        {product} {ergonomic}
   size_t InitialHeapSize                          = 264241152                                 {product} {ergonomic}
     bool ManagementServer                         = true                                      {product} {command line}
   size_t MarkStackSize                            = 4194304                                   {product} {ergonomic}
   size_t MaxHeapSize                              = 4223664128                                {product} {ergonomic}
   size_t MinHeapDeltaBytes                        = 2097152                                   {product} {ergonomic}
   size_t MinHeapSize                              = 8388608                                   {product} {ergonomic}
    uintx NonProfiledCodeHeapSize                  = 0                                      {pd product} {ergonomic}
     bool ProfileInterpreter                       = false                                  {pd product} {command line}
    uintx ProfiledCodeHeapSize                     = 0                                      {pd product} {ergonomic}
   size_t SoftMaxHeapSize                          = 4223664128                             {manageable} {ergonomic}
     intx TieredStopAtLevel                        = 1                                         {product} {command line}
     bool UseCompressedClassPointers               = true                           {product lp64_product} {ergonomic}
     bool UseCompressedOops                        = true                           {product lp64_product} {ergonomic}
     bool UseG1GC                                  = true                                      {product} {ergonomic}
     bool UseLargePagesIndividualAllocation        = false                                  {pd product} {ergonomic}

Logging:
Log output configuration:
 #0: stdout all=warning uptime,level,tags
 #1: stderr all=off uptime,level,tags

Environment Variables:
JAVA_HOME=C:\Program Files\Eclipse Adoptium\jdk-17.0.17.10-hotspot
PATH=C:\Program Files\Eclipse Adoptium\jdk-17.0.17.10-hotspot\bin;C:\PySchool\3.10-32-bit\Scripts;C:\PySchool\3.10-32-bit;C:\WINDOWS\system32;C:\WINDOWS;C:\WINDOWS\System32\Wbem;C:\WINDOWS\System32\WindowsPowerShell\v1.0\;C:\WINDOWS\System32\OpenSSH\;C:\Program Files\Java\jdk-11.0.13\bin;C:\HashiCorp\Vagrant\bin;C:\Program Files\Docker\Docker\resources\bin;C:\ProgramData\DockerDesktop\version-bin;C:\WINDOWS\system32;C:\WINDOWS;C:\WINDOWS\System32\Wbem;C:\WINDOWS\System32\WindowsPowerShell\v1.0\;C:\WINDOWS\System32\OpenSSH\;C:\Program Files\MATLAB\R2024b\bin;C:\Program Files\nodejs\;C:\Program Files\Git\cmd;C:\semestre2\tp1\jdk-8u202-windows-x64.exe;C:\Program Files\Java\jdk1.8.0_202\bin;C:\Users\dell\AppData\Local\Microsoft\WindowsApps;C:\Program Files (x86)\apache-maven-3.8.4\bin;C:\Program Files\Heroku\bin;C:\Users\dell\AppData\Local\Programs\Microsoft VS Code\bin;C:\Program Files\Eclipse Adoptium\jdk-17.0.17.10-hotspot;;C:\Users\dell\AppData\Roaming\npm;C:\Program Files\Java\jdk1.8.0_202\bin;C:\Program Files\Eclipse Adoptium\jdk-17.0.17.10-hotspot;
USERNAME=dell
OS=Windows_NT
PROCESSOR_IDENTIFIER=Intel64 Family 6 Model 140 Stepping 1, GenuineIntel



---------------  S Y S T E M  ---------------

OS:
 Windows 11 , 64 bit Build 22621 (10.0.22621.5415)
OS uptime: 1 days 6:16 hours
Hyper-V role detected

CPU: total 8 (initial active 8) (4 cores per cpu, 2 threads per core) family 6 model 140 stepping 1 microcode 0xbc, cx8, cmov, fxsr, ht, mmx, 3dnowpref, sse, sse2, sse3, ssse3, sse4.1, sse4.2, popcnt, lzcnt, tsc, tscinvbit, avx, avx2, aes, erms, clmul, bmi1, bmi2, adx, avx512f, avx512dq, avx512cd, avx512bw, avx512vl, sha, fma, vzeroupper, avx512_vpopcntdq, avx512_vpclmulqdq, avx512_vaes, avx512_vnni, clflush, clflushopt, clwb, avx512_vbmi2, avx512_vbmi, hv

Memory: 4k page, system-wide physical 16110M (3712M free)
TotalPageFile size 16110M (AvailPageFile size 14M)
current process WorkingSet (physical memory assigned to process): 11M, peak: 11M
current process commit charge ("private bytes"): 55M, peak: 307M

vm_info: OpenJDK 64-Bit Server VM (17.0.2+8-86) for windows-amd64 JRE (17.0.2+8-86), built on Dec  7 2021 21:49:10 by "mach5one" with MS VC++ 16.8 / 16.9 (VS2019)

END.
